<?xml version="1.0" encoding="UTF-8"?>
<!-- Generated by org.testng.reporters.JUnitReportReporter -->
<testsuite hostname="PS-Weaam" failures="0" tests="1" name="maven.ctco.VacancyTest" time="1.477" errors="0" timestamp="2022-07-13T19:44:47 EET" skipped="0">
  <testcase classname="maven.ctco.VacancyTest" name="Careers" time="1.477"/>
  <system-out/>
</testsuite> <!-- maven.ctco.VacancyTest -->
